app/build/outputs/logs/manifest-merger-debug-report.txt
-- Merging decision tree log ---
manifest
ADDED from src\main\AndroidManifest.xml:2:1-23:12
	package
		ADDED from src\main\AndroidManifest.xml:3:2-32
		INJECTED from src\main\AndroidManifest.xml
		INJECTED from src\main\AndroidManifest.xml
	android:versionName
		ADDED from src\main\AndroidManifest.xml:3:33-61
		INJECTED from src\main\AndroidManifest.xml
		INJECTED from src\main\AndroidManifest.xml
	android:versionCode
		ADDED from src\main\AndroidManifest.xml:3:62-86
		INJECTED from src\main\AndroidManifest.xml
		INJECTED from src\main\AndroidManifest.xml
	xmlns:android
		ADDED from src\main\AndroidManifest.xml:2:11-69
uses-sdk
ADDED from src\main\AndroidManifest.xml:4:2-79
	android:targetSdkVersion
		ADDED from src\main\AndroidManifest.xml:4:38-67
		INJECTED from src\main\AndroidManifest.xml
		INJECTED from src\main\AndroidManifest.xml
	android:minSdkVersion
		ADDED from src\main\AndroidManifest.xml:4:12-37
		INJECTED from src\main\AndroidManifest.xml
		INJECTED from src\main\AndroidManifest.xml
uses-permission#android.permission.READ_CONTACTS
ADDED from src\main\AndroidManifest.xml:5:2-85
	android:name
		ADDED from src\main\AndroidManifest.xml:5:19-66
uses-permission#android.permission.CALL_PHONE
ADDED from src\main\AndroidManifest.xml:6:2-82
	android:name
		ADDED from src\main\AndroidManifest.xml:6:19-63
uses-permission#android.permission.WRITE_EXTERNAL_STORAGE
ADDED from src\main\AndroidManifest.xml:7:2-77
	android:name
		ADDED from src\main\AndroidManifest.xml:7:19-75
application
ADDED from src\main\AndroidManifest.xml:8:2-22:16
	android:label
		ADDED from src\main\AndroidManifest.xml:9:3-35
	android:allowClearUserData
		ADDED from src\main\AndroidManifest.xml:9:36-69
	android:allowBackup
		ADDED from src\main\AndroidManifest.xml:9:70-96
	android:icon
		ADDED from src\main\AndroidManifest.xml:8:15-48
activity#at.android.speeddial.Main
ADDED from src\main\AndroidManifest.xml:10:3-16:14
	android:label
		ADDED from src\main\AndroidManifest.xml:10:13-45
	android:name
		ADDED from src\main\AndroidManifest.xml:10:46-65
intent-filter#android.intent.action.MAIN+android.intent.category.LAUNCHER+android.intent.category.MULTIWINDOW_LAUNCHER
ADDED from src\main\AndroidManifest.xml:11:4-15:20
action#android.intent.action.MAIN
ADDED from src\main\AndroidManifest.xml:12:5-57
	android:name
		ADDED from src\main\AndroidManifest.xml:12:13-54
category#android.intent.category.LAUNCHER
ADDED from src\main\AndroidManifest.xml:13:5-65
	android:name
		ADDED from src\main\AndroidManifest.xml:13:15-62
category#android.intent.category.MULTIWINDOW_LAUNCHER
ADDED from src\main\AndroidManifest.xml:14:5-76
	android:name
		ADDED from src\main\AndroidManifest.xml:14:15-74
activity#at.android.speeddial.Settings
ADDED from src\main\AndroidManifest.xml:17:3-19:14
	android:label
		ADDED from src\main\AndroidManifest.xml:18:4-36
	android:name
		ADDED from src\main\AndroidManifest.xml:17:13-36
uses-library#com.sec.android.app.multiwindow
ADDED from src\main\AndroidManifest.xml:20:3-104
	android:required
		ADDED from src\main\AndroidManifest.xml:20:17-41
	android:name
		ADDED from src\main\AndroidManifest.xml:20:42-88
meta-data#com.sec.android.support.multiwindow
ADDED from src\main\AndroidManifest.xml:21:3-88
	android:value
		ADDED from src\main\AndroidManifest.xml:21:65-85
	android:name
		ADDED from src\main\AndroidManifest.xml:21:14-64